# JRE version: Java(TM) SE Runtime Environment (8.0_45-b14) (build 1.8.0_45-b14)
# Java VM: Java HotSpot(TM) 64-Bit Server VM (25.45-b02 mixed mode windows-amd64 compressed oops)
Heap:
 PSYoungGen      total 453632K, used 7254K [0x00000000d5f00000, 0x00000000f3080000, 0x0000000100000000)
  eden space 449024K, 1% used [0x00000000d5f00000,0x00000000d6615a80,0x00000000f1580000)
  from space 4608K, 0% used [0x00000000f1580000,0x00000000f1580000,0x00000000f1a00000)
  to   space 13824K, 0% used [0x00000000f2300000,0x00000000f2300000,0x00000000f3080000)
 ParOldGen       total 113664K, used 18892K [0x0000000081c00000, 0x0000000088b00000, 0x00000000d5f00000)
  object space 113664K, 16% used [0x0000000081c00000,0x0000000082e73230,0x0000000088b00000)
 Metaspace       used 56875K, capacity 60342K, committed 60456K, reserved 1101824K
  class space    used 7798K, capacity 8386K, committed 8488K, reserved 1048576K
GC Heap History (10 events):
Event: 1028.809 GC heap before
{Heap before GC invocations=17 (full 4):
 PSYoungGen      total 377856K, used 363008K [0x00000000d5f00000, 0x00000000f1580000, 0x0000000100000000)
  eden space 363008K, 100% used [0x00000000d5f00000,0x00000000ec180000,0x00000000ec180000)
  from space 14848K, 0% used [0x00000000ed080000,0x00000000ed080000,0x00000000edf00000)
  to   space 15360K, 0% used [0x00000000ec180000,0x00000000ec180000,0x00000000ed080000)
 ParOldGen       total 113664K, used 17068K [0x0000000081c00000, 0x0000000088b00000, 0x00000000d5f00000)
  object space 113664K, 15% used [0x0000000081c00000,0x0000000082cab1d8,0x0000000088b00000)
 Metaspace       used 56397K, capacity 59734K, committed 59816K, reserved 1101824K
  class space    used 7750K, capacity 8316K, committed 8360K, reserved 1048576K
Event: 1028.857 GC heap after
Heap after GC invocations=17 (full 4):
 PSYoungGen      total 378368K, used 6161K [0x00000000d5f00000, 0x00000000f3180000, 0x0000000100000000)
  eden space 363008K, 0% used [0x00000000d5f00000,0x00000000d5f00000,0x00000000ec180000)
  from space 15360K, 40% used [0x00000000ec180000,0x00000000ec784738,0x00000000ed080000)
  to   space 14336K, 0% used [0x00000000f2380000,0x00000000f2380000,0x00000000f3180000)
 ParOldGen       total 113664K, used 17076K [0x0000000081c00000, 0x0000000088b00000, 0x00000000d5f00000)
  object space 113664K, 15% used [0x0000000081c00000,0x0000000082cad1d8,0x0000000088b00000)
 Metaspace       used 56397K, capacity 59734K, committed 59816K, reserved 1101824K
  class space    used 7750K, capacity 8316K, committed 8360K, reserved 1048576K
}
Event: 1629.418 GC heap before
{Heap before GC invocations=18 (full 4):
 PSYoungGen      total 378368K, used 67061K [0x00000000d5f00000, 0x00000000f3180000, 0x0000000100000000)
  eden space 363008K, 16% used [0x00000000d5f00000,0x00000000d9a78ec8,0x00000000ec180000)
  from space 15360K, 40% used [0x00000000ec180000,0x00000000ec784738,0x00000000ed080000)
  to   space 14336K, 0% used [0x00000000f2380000,0x00000000f2380000,0x00000000f3180000)
 ParOldGen       total 113664K, used 17076K [0x0000000081c00000, 0x0000000088b00000, 0x00000000d5f00000)
  object space 113664K, 15% used [0x0000000081c00000,0x0000000082cad1d8,0x0000000088b00000)
 Metaspace       used 56421K, capacity 59740K, committed 59816K, reserved 1101824K
  class space    used 7752K, capacity 8318K, committed 8360K, reserved 1048576K
Event: 1629.432 GC heap after
Heap after GC invocations=18 (full 4):
 PSYoungGen      total 463360K, used 3120K [0x00000000d5f00000, 0x00000000f3180000, 0x0000000100000000)
  eden space 449024K, 0% used [0x00000000d5f00000,0x00000000d5f00000,0x00000000f1580000)
  from space 14336K, 21% used [0x00000000f2380000,0x00000000f268c178,0x00000000f3180000)
  to   space 14336K, 0% used [0x00000000f1580000,0x00000000f1580000,0x00000000f2380000)
 ParOldGen       total 113664K, used 17076K [0x0000000081c00000, 0x0000000088b00000, 0x00000000d5f00000)
  object space 113664K, 15% used [0x0000000081c00000,0x0000000082cad1d8,0x0000000088b00000)
 Metaspace       used 56421K, capacity 59740K, committed 59816K, reserved 1101824K
  class space    used 7752K, capacity 8318K, committed 8360K, reserved 1048576K
}
Event: 1629.432 GC heap before
{Heap before GC invocations=19 (full 5):
 PSYoungGen      total 463360K, used 3120K [0x00000000d5f00000, 0x00000000f3180000, 0x0000000100000000)
  eden space 449024K, 0% used [0x00000000d5f00000,0x00000000d5f00000,0x00000000f1580000)
  from space 14336K, 21% used [0x00000000f2380000,0x00000000f268c178,0x00000000f3180000)
  to   space 14336K, 0% used [0x00000000f1580000,0x00000000f1580000,0x00000000f2380000)
 ParOldGen       total 113664K, used 17076K [0x0000000081c00000, 0x0000000088b00000, 0x00000000d5f00000)
  object space 113664K, 15% used [0x0000000081c00000,0x0000000082cad1d8,0x0000000088b00000)
 Metaspace       used 56421K, capacity 59740K, committed 59816K, reserved 1101824K
  class space    used 7752K, capacity 8318K, committed 8360K, reserved 1048576K
Event: 1630.148 GC heap after
Heap after GC invocations=19 (full 5):
 PSYoungGen      total 463360K, used 0K [0x00000000d5f00000, 0x00000000f3180000, 0x0000000100000000)
  eden space 449024K, 0% used [0x00000000d5f00000,0x00000000d5f00000,0x00000000f1580000)
  from space 14336K, 0% used [0x00000000f2380000,0x00000000f2380000,0x00000000f3180000)
  to   space 14336K, 0% used [0x00000000f1580000,0x00000000f1580000,0x00000000f2380000)
 ParOldGen       total 113664K, used 17537K [0x0000000081c00000, 0x0000000088b00000, 0x00000000d5f00000)
  object space 113664K, 15% used [0x0000000081c00000,0x0000000082d20770,0x0000000088b00000)
 Metaspace       used 56421K, capacity 59740K, committed 59816K, reserved 1101824K
  class space    used 7752K, capacity 8318K, committed 8360K, reserved 1048576K
}
Event: 1821.638 GC heap before
{Heap before GC invocations=20 (full 5):
 PSYoungGen      total 463360K, used 325178K [0x00000000d5f00000, 0x00000000f3180000, 0x0000000100000000)
  eden space 449024K, 72% used [0x00000000d5f00000,0x00000000e9c8eab8,0x00000000f1580000)
  from space 14336K, 0% used [0x00000000f2380000,0x00000000f2380000,0x00000000f3180000)
  to   space 14336K, 0% used [0x00000000f1580000,0x00000000f1580000,0x00000000f2380000)
 ParOldGen       total 113664K, used 17537K [0x0000000081c00000, 0x0000000088b00000, 0x00000000d5f00000)
  object space 113664K, 15% used [0x0000000081c00000,0x0000000082d20770,0x0000000088b00000)
 Metaspace       used 56845K, capacity 60278K, committed 60456K, reserved 1101824K
  class space    used 7797K, capacity 8386K, committed 8488K, reserved 1048576K
Event: 1821.663 GC heap after
Heap after GC invocations=20 (full 5):
 PSYoungGen      total 453632K, used 4191K [0x00000000d5f00000, 0x00000000f3080000, 0x0000000100000000)
  eden space 449024K, 0% used [0x00000000d5f00000,0x00000000d5f00000,0x00000000f1580000)
  from space 4608K, 90% used [0x00000000f1580000,0x00000000f1997f30,0x00000000f1a00000)
  to   space 13824K, 0% used [0x00000000f2300000,0x00000000f2300000,0x00000000f3080000)
 ParOldGen       total 113664K, used 17545K [0x0000000081c00000, 0x0000000088b00000, 0x00000000d5f00000)
  object space 113664K, 15% used [0x0000000081c00000,0x0000000082d22770,0x0000000088b00000)
 Metaspace       used 56845K, capacity 60278K, committed 60456K, reserved 1101824K
  class space    used 7797K, capacity 8386K, committed 8488K, reserved 1048576K
}
Event: 1821.663 GC heap before
{Heap before GC invocations=21 (full 6):
 PSYoungGen      total 453632K, used 4191K [0x00000000d5f00000, 0x00000000f3080000, 0x0000000100000000)
  eden space 449024K, 0% used [0x00000000d5f00000,0x00000000d5f00000,0x00000000f1580000)
  from space 4608K, 90% used [0x00000000f1580000,0x00000000f1997f30,0x00000000f1a00000)
  to   space 13824K, 0% used [0x00000000f2300000,0x00000000f2300000,0x00000000f3080000)
 ParOldGen       total 113664K, used 17545K [0x0000000081c00000, 0x0000000088b00000, 0x00000000d5f00000)
  object space 113664K, 15% used [0x0000000081c00000,0x0000000082d22770,0x0000000088b00000)
 Metaspace       used 56845K, capacity 60278K, committed 60456K, reserved 1101824K
  class space    used 7797K, capacity 8386K, committed 8488K, reserved 1048576K
Event: 1822.168 GC heap after
Heap after GC invocations=21 (full 6):
 PSYoungGen      total 453632K, used 0K [0x00000000d5f00000, 0x00000000f3080000, 0x0000000100000000)
  eden space 449024K, 0% used [0x00000000d5f00000,0x00000000d5f00000,0x00000000f1580000)
  from space 4608K, 0% used [0x00000000f1580000,0x00000000f1580000,0x00000000f1a00000)
  to   space 13824K, 0% used [0x00000000f2300000,0x00000000f2300000,0x00000000f3080000)
 ParOldGen       total 113664K, used 18892K [0x0000000081c00000, 0x0000000088b00000, 0x00000000d5f00000)
  object space 113664K, 16% used [0x0000000081c00000,0x0000000082e73230,0x0000000088b00000)
 Metaspace       used 56843K, capacity 60272K, committed 60456K, reserved 1101824K
  class space    used 7796K, capacity 8384K, committed 8488K, reserved 1048576K
}

